#
# A fatal error has been detected by the Java Runtime Environment:
#
#  SIGSEGV (0xb) at pc=0x000000011898dd39, pid=1397, tid=0x0000000000005103
#
# JRE version: Java(TM) SE Runtime Environment (8.0_121-b13) (build 1.8.0_121-b13)
# Java VM: Java HotSpot(TM) 64-Bit Server VM (25.121-b13 mixed mode bsd-amd64 compressed oops)
# Problematic frame:
# C  [AppleIntelBDWGraphicsGLDriver+0x4a6d39]  glrBindContextReadFramebuffer+0xb7
#
# Failed to write core dump. Core dumps have been disabled. To enable core dumping, try "ulimit -c unlimited" before starting Java again
#
# If you would like to submit a bug report, please visit:
#   http://bugreport.java.com/bugreport/crash.jsp
# The crash happened outside the Java Virtual Machine in native code.
# See problematic frame for where to report the bug.
#

---------------  T H R E A D  ---------------

Current thread (0x00007f893788c800):  JavaThread "QuantumRenderer-0" daemon [_thread_in_native, id=20739, stack(0x0000700007e44000,0x0000700007f44000)]

siginfo: si_signo: 11 (SIGSEGV), si_code: 0 (unknown), si_addr: 0x0000000000000000

Registers:
RAX=0x800007f893ca57a2, RBX=0x0000000000000000, RCX=0x00007f893ca4d220, RDX=0x0000000000000000
RSP=0x0000700007f431f0, RBP=0x0000700007f43240, RSI=0x00007f893cb0f5c0, RDI=0x00007f893910ce00
R8 =0x00000000000002f4, R9 =0x0000000000000000, R10=0x0000000000000000, R11=0x00000000000002f4
R12=0x00007f893a80b014, R13=0x00007f893cb0f5c0, R14=0x00007f893910ce00, R15=0x00007f8939117d30
RIP=0x000000011898dd39, EFLAGS=0x0000000000010202, ERR=0x0000000000000000
  TRAPNO=0x000000000000000d

Top of Stack: (sp=0x0000700007f431f0)
0x0000700007f431f0:   0000700007f4ffff 0000000000000027
0x0000700007f43200:   0000000100000238 0000000000000000
0x0000700007f43210:   0000000000000000 00007f893910ce00
0x0000700007f43220:   00007f893a80b014 00007f893981b4c8
0x0000700007f43230:   00007f893cb0f5c0 0000000000000000
0x0000700007f43240:   0000700007f43260 00007fffbc6cbd5f
0x0000700007f43250:   00007f893a800000 0000000000000000
0x0000700007f43260:   0000700007f432a0 000000011840e038
0x0000700007f43270:   0000000000000502 00007f893a800000
0x0000700007f43280:   0000000000000000 0000000000000000
0x0000700007f43290:   00000000000004b0 0000000000004000
0x0000700007f432a0:   0000700007f43360 0000000118358b33
0x0000700007f432b0:   00007f89375e2430 00007f8937739410
0x0000700007f432c0:   0000700007f43300 00007fffbc6cbce1
0x0000700007f432d0:   00007f893a000420 0000000000000000
0x0000700007f432e0:   0000700007f43340 0000000000000014
0x0000700007f432f0:   00007f893a800000 0000000000000001
0x0000700007f43300:   0000700007f43330 00000001183dfc1a
0x0000700007f43310:   2ccf6b3d6d93003b 00007f89374855d0
0x0000700007f43320:   000002f400000000 0000000000000000
0x0000700007f43330:   00007f893981b2c0 00007f8939108e00
0x0000700007f43340:   000000000000000c 0000000000000014
0x0000700007f43350:   0000000000004000 0000000000002601
0x0000700007f43360:   0000700007f433b0 00007fffb2e1205d
0x0000700007f43370:   0000000000000000 00000000000004b0
0x0000700007f43380:   00007000000002f4 0000000100004000
0x0000700007f43390:   0000000100002601 00007f89374855d0
0x0000700007f433a0:   00007f8937475910 0000000000000008
0x0000700007f433b0:   0000700007f43410 00000001190839d2
0x0000700007f433c0:   00000000000004b0 00000000000002f4
0x0000700007f433d0:   4683f40000004000 4683f40000002601
0x0000700007f433e0:   0000000044160000 00007f89374cbb10 

Instructions: (pc=0x000000011898dd39)
0x000000011898dd19:   48 c7 45 c8 00 00 00 00 4d 85 ed 74 77 49 8b 4e
0x000000011898dd29:   38 31 c0 48 85 c9 bb 00 00 00 00 74 2d 48 8b 01
0x000000011898dd39:   0f b7 80 b0 00 00 00 8d 88 20 73 ff ff 31 d2 85
0x000000011898dd49:   c0 48 0f 45 d1 49 8b 4d 08 48 8b 04 d1 48 8b 59 

Register to memory mapping:

RAX=0x800007f893ca57a2 is an unknown value
RBX=0x0000000000000000 is an unknown value
RCX=0x00007f893ca4d220 is an unknown value
RDX=0x0000000000000000 is an unknown value
RSP=0x0000700007f431f0 is pointing into the stack for thread: 0x00007f893788c800
RBP=0x0000700007f43240 is pointing into the stack for thread: 0x00007f893788c800
RSI=0x00007f893cb0f5c0 is an unknown value
RDI=0x00007f893910ce00 is an unknown value
R8 =0x00000000000002f4 is an unknown value
R9 =0x0000000000000000 is an unknown value
R10=0x0000000000000000 is an unknown value
R11=0x00000000000002f4 is an unknown value
R12=0x00007f893a80b014 is an unknown value
R13=0x00007f893cb0f5c0 is an unknown value
R14=0x00007f893910ce00 is an unknown value
R15=0x00007f8939117d30 is an unknown value


Stack: [0x0000700007e44000,0x0000700007f44000],  sp=0x0000700007f431f0,  free space=1020k
Native frames: (J=compiled Java code, j=interpreted, Vv=VM code, C=native code)
C  [AppleIntelBDWGraphicsGLDriver+0x4a6d39]  glrBindContextReadFramebuffer+0xb7
C  [libGPUSupportMercury.dylib+0x4d5f]  gldUpdateReadFramebuffer+0x61
C  [GLEngine+0x10c038]  gleUpdateReadFramebufferState+0x1a9
C  [GLEngine+0x56b33]  glBlitFramebufferEXT_Exec+0xa7
C  [libGL.dylib+0x605d]  glBlitFramebuffer+0x58
C  [libglass.dylib+0xc9d2]  -[GlassFrameBufferObject blitFromFBO:]+0xb2
C  [libglass.dylib+0x1249e]  -[GlassOffscreen blitFromOffscreen:]+0x3e
C  [libglass.dylib+0xf355]  -[GlassLayer3D flush]+0x35
C  [libglass.dylib+0x1b201]  Java_com_sun_glass_ui_mac_MacView__1end+0xb1
j  com.sun.glass.ui.mac.MacView._end(J)V+0
j  com.sun.glass.ui.View.unlock()V+9
j  com.sun.prism.PresentableState.unlock()V+11
j  com.sun.javafx.tk.quantum.PresentingPainter.run()V+479
j  java.util.concurrent.Executors$RunnableAdapter.call()Ljava/lang/Object;+4
j  java.util.concurrent.FutureTask.runAndReset()Z+47
j  com.sun.javafx.tk.RenderJob.run()V+1
j  java.util.concurrent.ThreadPoolExecutor.runWorker(Ljava/util/concurrent/ThreadPoolExecutor$Worker;)V+95
j  java.util.concurrent.ThreadPoolExecutor$Worker.run()V+5
j  com.sun.javafx.tk.quantum.QuantumRenderer$PipelineRunnable.run()V+8
j  java.lang.Thread.run()V+11
v  ~StubRoutines::call_stub
V  [libjvm.dylib+0x2ed9d6]  JavaCalls::call_helper(JavaValue*, methodHandle*, JavaCallArguments*, Thread*)+0x6ae
V  [libjvm.dylib+0x2ee164]  JavaCalls::call_virtual(JavaValue*, KlassHandle, Symbol*, Symbol*, JavaCallArguments*, Thread*)+0x164
V  [libjvm.dylib+0x2ee310]  JavaCalls::call_virtual(JavaValue*, Handle, KlassHandle, Symbol*, Symbol*, Thread*)+0x4a
V  [libjvm.dylib+0x348a5d]  thread_entry(JavaThread*, Thread*)+0x7c
V  [libjvm.dylib+0x56ab0f]  JavaThread::thread_main_inner()+0x9b
V  [libjvm.dylib+0x56c1fc]  JavaThread::run()+0x1c2
V  [libjvm.dylib+0x48a5b2]  java_start(Thread*)+0xf6
C  [libsystem_pthread.dylib+0x3aab]  _pthread_body+0xb4
C  [libsystem_pthread.dylib+0x39f7]  _pthread_body+0x0
C  [libsystem_pthread.dylib+0x31fd]  thread_start+0xd
C  0x0000000000000000

Java frames: (J=compiled Java code, j=interpreted, Vv=VM code)
j  com.sun.glass.ui.mac.MacView._end(J)V+0
j  com.sun.glass.ui.View.unlock()V+9
j  com.sun.prism.PresentableState.unlock()V+11
j  com.sun.javafx.tk.quantum.PresentingPainter.run()V+479
j  java.util.concurrent.Executors$RunnableAdapter.call()Ljava/lang/Object;+4
j  java.util.concurrent.FutureTask.runAndReset()Z+47
j  com.sun.javafx.tk.RenderJob.run()V+1
j  java.util.concurrent.ThreadPoolExecutor.runWorker(Ljava/util/concurrent/ThreadPoolExecutor$Worker;)V+95
j  java.util.concurrent.ThreadPoolExecutor$Worker.run()V+5
j  com.sun.javafx.tk.quantum.QuantumRenderer$PipelineRunnable.run()V+8
j  java.lang.Thread.run()V+11
v  ~StubRoutines::call_stub

---------------  P R O C E S S  ---------------

Java Threads: ( => current thread )
  0x00007f893795b000 JavaThread "Prism Font Disposer" daemon [_thread_blocked, id=51895, stack(0x0000700008150000,0x0000700008250000)]
  0x00007f8939141800 JavaThread "Thread-4" daemon [_thread_in_native, id=38659, stack(0x000070000804a000,0x00007000080ca000)]
  0x00007f893825e000 JavaThread "JavaFX Application Thread" [_thread_blocked, id=775, stack(0x00007fff50f58000,0x00007fff51758000)]
  0x00007f8938259800 JavaThread "Thread-2" daemon [_thread_blocked, id=26119, stack(0x0000700007f47000,0x0000700008047000)]
=>0x00007f893788c800 JavaThread "QuantumRenderer-0" daemon [_thread_in_native, id=20739, stack(0x0000700007e44000,0x0000700007f44000)]
  0x00007f89390fe000 JavaThread "JavaFX-Launcher" [_thread_blocked, id=20227, stack(0x0000700007d41000,0x0000700007e41000)]
  0x00007f893783b800 JavaThread "Monitor Ctrl-Break" daemon [_thread_in_native, id=19715, stack(0x0000700007c3e000,0x0000700007d3e000)]
  0x00007f8938010800 JavaThread "Service Thread" daemon [_thread_blocked, id=18691, stack(0x0000700007a38000,0x0000700007b38000)]
  0x00007f8938889000 JavaThread "C1 CompilerThread2" daemon [_thread_blocked, id=18179, stack(0x0000700007935000,0x0000700007a35000)]
  0x00007f8938888800 JavaThread "C2 CompilerThread1" daemon [_thread_blocked, id=17667, stack(0x0000700007832000,0x0000700007932000)]
  0x00007f893782a000 JavaThread "C2 CompilerThread0" daemon [_thread_blocked, id=17155, stack(0x000070000772f000,0x000070000782f000)]
  0x00007f8937831000 JavaThread "Signal Dispatcher" daemon [_thread_blocked, id=16643, stack(0x000070000762c000,0x000070000772c000)]
  0x00007f893800c800 JavaThread "Finalizer" daemon [_thread_blocked, id=12291, stack(0x0000700007529000,0x0000700007629000)]
  0x00007f893880a000 JavaThread "Reference Handler" daemon [_thread_blocked, id=11779, stack(0x0000700007426000,0x0000700007526000)]
  0x00007f8937808000 JavaThread "main" [_thread_blocked, id=3587, stack(0x0000700006c8b000,0x0000700006d8b000)]

Other Threads:
  0x00007f8938805800 VMThread [stack: 0x0000700007323000,0x0000700007423000] [id=11267]
  0x00007f893782b000 WatcherThread [stack: 0x0000700007b3b000,0x0000700007c3b000] [id=19203]

VM state:not at safepoint (normal execution)

VM Mutex/Monitor currently owned by a thread: None

Heap:
 PSYoungGen      total 38400K, used 14674K [0x0000000795580000, 0x0000000798000000, 0x00000007c0000000)
  eden space 33280K, 29% used [0x0000000795580000,0x0000000795f348e8,0x0000000797600000)
  from space 5120K, 92% used [0x0000000797600000,0x0000000797aa0040,0x0000000797b00000)
  to   space 5120K, 0% used [0x0000000797b00000,0x0000000797b00000,0x0000000798000000)
 ParOldGen       total 87552K, used 80K [0x0000000740000000, 0x0000000745580000, 0x0000000795580000)
  object space 87552K, 0% used [0x0000000740000000,0x0000000740014010,0x0000000745580000)
 Metaspace       used 17120K, capacity 18212K, committed 18432K, reserved 1064960K
  class space    used 2532K, capacity 2731K, committed 2816K, reserved 1048576K

Card table byte_map: [0x00000001101c0000,0x00000001105c1000] byte_map_base: 0x000000010c7c0000

Marking Bits: (ParMarkBitMap*) 0x000000010ee17d30
 Begin Bits: [0x000000011086c000, 0x000000011286c000)
 End Bits:   [0x000000011286c000, 0x000000011486c000)

Polling page: 0x000000010f5c5000

CodeCache: size=245760Kb used=5710Kb max_used=5710Kb free=240049Kb
 bounds [0x0000000119c79000, 0x000000011a219000, 0x0000000128c79000]
 total_blobs=2470 nmethods=1818 adapters=565
 compilation: enabled

Compilation events (10 events):
Event: 10.762 Thread 0x00007f8938889000 1814       3       javafx.scene.layout.CornerRadii::getTopLeftVerticalRadius (5 bytes)
Event: 10.762 Thread 0x00007f8938889000 nmethod 1814 0x000000011a20cbd0 code [0x000000011a20cd20, 0x000000011a20ce70]
Event: 10.762 Thread 0x00007f8938889000 1815       3       javafx.scene.layout.Border::isEmpty (30 bytes)
Event: 10.762 Thread 0x00007f8938889000 nmethod 1815 0x000000011a20cf10 code [0x000000011a20d0a0, 0x000000011a20d418]
Event: 10.764 Thread 0x00007f8938889000 1816       3       java.nio.ByteBuffer::arrayOffset (35 bytes)
Event: 10.764 Thread 0x00007f8938889000 nmethod 1816 0x000000011a20d510 code [0x000000011a20d6a0, 0x000000011a20d9b8]
Event: 10.765 Thread 0x00007f8938889000 1817       3       com.sun.prism.es2.ES2Shader::getUniform (63 bytes)
Event: 10.766 Thread 0x00007f8938889000 nmethod 1817 0x000000011a20db10 code [0x000000011a20dce0, 0x000000011a20e448]
Event: 10.767 Thread 0x00007f8938889000 1818       3       com.sun.javafx.sg.prism.NGGroup::renderForcedContent (47 bytes)
Event: 10.767 Thread 0x00007f8938889000 nmethod 1818 0x000000011a20e790 code [0x000000011a20e940, 0x000000011a20eee8]

GC Heap History (2 events):
Event: 3.549 GC heap before
{Heap before GC invocations=1 (full 0):
 PSYoungGen      total 38400K, used 33280K [0x0000000795580000, 0x0000000798000000, 0x00000007c0000000)
  eden space 33280K, 100% used [0x0000000795580000,0x0000000797600000,0x0000000797600000)
  from space 5120K, 0% used [0x0000000797b00000,0x0000000797b00000,0x0000000798000000)
  to   space 5120K, 0% used [0x0000000797600000,0x0000000797600000,0x0000000797b00000)
 ParOldGen       total 87552K, used 0K [0x0000000740000000, 0x0000000745580000, 0x0000000795580000)
  object space 87552K, 0% used [0x0000000740000000,0x0000000740000000,0x0000000745580000)
 Metaspace       used 15107K, capacity 15938K, committed 16000K, reserved 1062912K
  class space    used 2242K, capacity 2412K, committed 2432K, reserved 1048576K
Event: 3.561 GC heap after
Heap after GC invocations=1 (full 0):
 PSYoungGen      total 38400K, used 4736K [0x0000000795580000, 0x0000000798000000, 0x00000007c0000000)
  eden space 33280K, 0% used [0x0000000795580000,0x0000000795580000,0x0000000797600000)
  from space 5120K, 92% used [0x0000000797600000,0x0000000797aa0040,0x0000000797b00000)
  to   space 5120K, 0% used [0x0000000797b00000,0x0000000797b00000,0x0000000798000000)
 ParOldGen       total 87552K, used 80K [0x0000000740000000, 0x0000000745580000, 0x0000000795580000)
  object space 87552K, 0% used [0x0000000740000000,0x0000000740014010,0x0000000745580000)
 Metaspace       used 15107K, capacity 15938K, committed 16000K, reserved 1062912K
  class space    used 2242K, capacity 2412K, committed 2432K, reserved 1048576K
}

Deoptimization events (10 events):
Event: 2.702 Thread 0x00007f893825e000 Uncommon trap: reason=class_check action=maybe_recompile pc=0x0000000119da2f1c method=java.lang.String.equals(Ljava/lang/Object;)Z @ 8
Event: 3.288 Thread 0x00007f893825e000 Uncommon trap: reason=unstable_if action=reinterpret pc=0x0000000119eaae20 method=java.lang.CharacterData.of(I)Ljava/lang/CharacterData; @ 4
Event: 3.593 Thread 0x00007f893825e000 Uncommon trap: reason=unstable_if action=reinterpret pc=0x0000000119ffff70 method=java.util.HashMap.isEmpty()Z @ 4
Event: 3.884 Thread 0x00007f893788c800 Uncommon trap: reason=unstable_if action=reinterpret pc=0x0000000119f5a914 method=sun.net.www.ParseUtil.encodePath(Ljava/lang/String;Z)Ljava/lang/String; @ 109
Event: 9.748 Thread 0x00007f893825e000 Uncommon trap: reason=array_check action=maybe_recompile pc=0x000000011a13cbf8 method=com.sun.javafx.css.SimpleSelector.applies(Ljavafx/css/Styleable;[Ljava/util/Set;I)Z @ 37
Event: 9.748 Thread 0x00007f893825e000 Uncommon trap: reason=array_check action=maybe_recompile pc=0x000000011a13cbf8 method=com.sun.javafx.css.SimpleSelector.applies(Ljavafx/css/Styleable;[Ljava/util/Set;I)Z @ 37
Event: 9.748 Thread 0x00007f893825e000 Uncommon trap: reason=array_check action=maybe_recompile pc=0x000000011a13cbf8 method=com.sun.javafx.css.SimpleSelector.applies(Ljavafx/css/Styleable;[Ljava/util/Set;I)Z @ 37
Event: 9.748 Thread 0x00007f893825e000 Uncommon trap: reason=array_check action=maybe_recompile pc=0x000000011a13cbf8 method=com.sun.javafx.css.SimpleSelector.applies(Ljavafx/css/Styleable;[Ljava/util/Set;I)Z @ 37
Event: 9.788 Thread 0x00007f893825e000 Uncommon trap: reason=unstable_if action=reinterpret pc=0x0000000119fcbf34 method=jdk.internal.org.objectweb.asm.Type.getArgumentsAndReturnSizes(Ljava/lang/String;)I @ 47
Event: 9.796 Thread 0x00007f893825e000 Uncommon trap: reason=array_check action=maybe_recompile pc=0x000000011a1620a0 method=com.sun.javafx.css.SimpleSelector.applies(Ljavafx/css/Styleable;[Ljava/util/Set;I)Z @ 37

Internal exceptions (10 events):
Event: 1.848 Thread 0x00007f893825e000 Exception <a 'java/lang/NullPointerException'> (0x00000007963278c0) thrown at [/Users/java_re/workspace/8-2-build-macosx-x86_64/jdk8u121/8372/hotspot/src/share/vm/interpreter/linkResolver.cpp, line 1178]
Event: 1.848 Thread 0x00007f893825e000 Exception <a 'java/lang/NullPointerException'> (0x00000007963278c0) thrown at [/Users/java_re/workspace/8-2-build-macosx-x86_64/jdk8u121/8372/hotspot/src/share/vm/prims/jvm.cpp, line 1394]
Event: 2.116 Thread 0x00007f893825e000 Exception <a 'java/lang/ArrayIndexOutOfBoundsException'> (0x000000079671d938) thrown at [/Users/java_re/workspace/8-2-build-macosx-x86_64/jdk8u121/8372/hotspot/src/share/vm/runtime/sharedRuntime.cpp, line 605]
Event: 2.117 Thread 0x00007f893825e000 Exception <a 'java/lang/ArrayIndexOutOfBoundsException'> (0x000000079671e480) thrown at [/Users/java_re/workspace/8-2-build-macosx-x86_64/jdk8u121/8372/hotspot/src/share/vm/runtime/sharedRuntime.cpp, line 605]
Event: 2.117 Thread 0x00007f893825e000 Exception <a 'java/lang/ArrayIndexOutOfBoundsException'> (0x000000079671f828) thrown at [/Users/java_re/workspace/8-2-build-macosx-x86_64/jdk8u121/8372/hotspot/src/share/vm/runtime/sharedRuntime.cpp, line 605]
Event: 2.129 Thread 0x00007f893825e000 Exception <a 'java/lang/ArrayIndexOutOfBoundsException'> (0x000000079673d0d8) thrown at [/Users/java_re/workspace/8-2-build-macosx-x86_64/jdk8u121/8372/hotspot/src/share/vm/runtime/sharedRuntime.cpp, line 605]
Event: 2.172 Thread 0x00007f893825e000 Exception <a 'java/lang/ArrayIndexOutOfBoundsException'> (0x00000007967b3a00) thrown at [/Users/java_re/workspace/8-2-build-macosx-x86_64/jdk8u121/8372/hotspot/src/share/vm/runtime/sharedRuntime.cpp, line 605]
Event: 2.250 Thread 0x00007f893825e000 Exception <a 'java/lang/ArrayIndexOutOfBoundsException'> (0x000000079685a570) thrown at [/Users/java_re/workspace/8-2-build-macosx-x86_64/jdk8u121/8372/hotspot/src/share/vm/runtime/sharedRuntime.cpp, line 605]
Event: 2.254 Thread 0x00007f893825e000 Exception <a 'java/lang/ArrayIndexOutOfBoundsException'> (0x000000079686be08) thrown at [/Users/java_re/workspace/8-2-build-macosx-x86_64/jdk8u121/8372/hotspot/src/share/vm/runtime/sharedRuntime.cpp, line 605]
Event: 2.491 Thread 0x00007f893825e000 Implicit null exception at 0x0000000119ede5f5 to 0x0000000119ede7ed

Events (10 events):
Event: 10.753 loading class com/sun/javafx/image/PixelConverter
Event: 10.753 loading class com/sun/javafx/image/PixelConverter done
Event: 10.753 loading class com/sun/javafx/image/impl/ByteGray$Accessor
Event: 10.753 loading class com/sun/javafx/image/impl/ByteGray$Accessor done
Event: 10.753 loading class com/sun/javafx/image/BytePixelAccessor
Event: 10.753 loading class com/sun/javafx/image/BytePixelAccessor done
Event: 10.753 loading class com/sun/javafx/image/impl/BaseByteToByteConverter
Event: 10.753 loading class com/sun/javafx/image/impl/BaseByteToByteConverter done
Event: 10.753 loading class com/sun/javafx/image/impl/BaseByteToByteConverter$ByteAnyToSameConverter
Event: 10.753 loading class com/sun/javafx/image/impl/BaseByteToByteConverter$ByteAnyToSameConverter done


Dynamic libraries:
0x00000000393a0000 	/System/Library/Frameworks/Cocoa.framework/Versions/A/Cocoa
0x00000000393a0000 	/System/Library/Frameworks/Security.framework/Versions/A/Security
0x00000000393a0000 	/System/Library/Frameworks/ApplicationServices.framework/Versions/A/ApplicationServices
0x00000000393a0000 	/usr/lib/libz.1.dylib
0x00000000393a0000 	/usr/lib/libSystem.B.dylib
0x00000000393a0000 	/usr/lib/libobjc.A.dylib
0x00000000393a0000 	/System/Library/Frameworks/CoreFoundation.framework/Versions/A/CoreFoundation
0x00000000393a0000 	/System/Library/Frameworks/Foundation.framework/Versions/C/Foundation
0x00000000393a0000 	/System/Library/Frameworks/AppKit.framework/Versions/C/AppKit
0x00000000393a0000 	/System/Library/Frameworks/CoreData.framework/Versions/A/CoreData
0x00000000393a0000 	/System/Library/PrivateFrameworks/RemoteViewServices.framework/Versions/A/RemoteViewServices
0x00000000393a0000 	/System/Library/PrivateFrameworks/UIFoundation.framework/Versions/A/UIFoundation
0x00000000393a0000 	/System/Library/PrivateFrameworks/DFRFoundation.framework/Versions/A/DFRFoundation
0x00000000393a0000 	/usr/lib/libenergytrace.dylib
0x00000000393a0000 	/System/Library/PrivateFrameworks/SkyLight.framework/Versions/A/SkyLight
0x00000000393a0000 	/System/Library/Frameworks/CoreGraphics.framework/Versions/A/CoreGraphics
0x00000000393a0000 	/usr/lib/libScreenReader.dylib
0x00000000393a0000 	/System/Library/Frameworks/Accelerate.framework/Versions/A/Accelerate
0x00000000393a0000 	/System/Library/Frameworks/IOSurface.framework/Versions/A/IOSurface
0x00000000393a0000 	/System/Library/Frameworks/AudioToolbox.framework/Versions/A/AudioToolbox
0x00000000393a0000 	/System/Library/Frameworks/AudioUnit.framework/Versions/A/AudioUnit
0x00000000393a0000 	/System/Library/PrivateFrameworks/DataDetectorsCore.framework/Versions/A/DataDetectorsCore
0x00000000393a0000 	/System/Library/PrivateFrameworks/DesktopServicesPriv.framework/Versions/A/DesktopServicesPriv
0x00000000393a0000 	/System/Library/Frameworks/Carbon.framework/Versions/A/Frameworks/HIToolbox.framework/Versions/A/HIToolbox
0x00000000393a0000 	/usr/lib/libicucore.A.dylib
0x00000000393a0000 	/System/Library/Frameworks/QuartzCore.framework/Versions/A/QuartzCore
0x00000000393a0000 	/System/Library/Frameworks/Carbon.framework/Versions/A/Frameworks/SpeechRecognition.framework/Versions/A/SpeechRecognition
0x00000000393a0000 	/usr/lib/libauto.dylib
0x00000000393a0000 	/usr/lib/libxml2.2.dylib
0x00000000393a0000 	/System/Library/PrivateFrameworks/CoreUI.framework/Versions/A/CoreUI
0x00000000393a0000 	/System/Library/Frameworks/CoreAudio.framework/Versions/A/CoreAudio
0x00000000393a0000 	/System/Library/Frameworks/DiskArbitration.framework/Versions/A/DiskArbitration
0x00000000393a0000 	/usr/lib/liblangid.dylib
0x00000000393a0000 	/System/Library/PrivateFrameworks/MultitouchSupport.framework/Versions/A/MultitouchSupport
0x00000000393a0000 	/System/Library/Frameworks/IOKit.framework/Versions/A/IOKit
0x00000000393a0000 	/usr/lib/libDiagnosticMessagesClient.dylib
0x00000000393a0000 	/System/Library/Frameworks/CoreServices.framework/Versions/A/CoreServices
0x00000000393a0000 	/System/Library/PrivateFrameworks/PerformanceAnalysis.framework/Versions/A/PerformanceAnalysis
0x00000000393a0000 	/System/Library/PrivateFrameworks/GenerationalStorage.framework/Versions/A/GenerationalStorage
0x00000000393a0000 	/System/Library/Frameworks/OpenGL.framework/Versions/A/OpenGL
0x00000000393a0000 	/System/Library/Frameworks/CoreImage.framework/Versions/A/CoreImage
0x00000000393a0000 	/System/Library/Frameworks/CoreText.framework/Versions/A/CoreText
0x00000000393a0000 	/System/Library/Frameworks/ImageIO.framework/Versions/A/ImageIO
0x00000000393a0000 	/System/Library/PrivateFrameworks/Backup.framework/Versions/A/Backup
0x00000000393a0000 	/usr/lib/libarchive.2.dylib
0x00000000393a0000 	/System/Library/Frameworks/CFNetwork.framework/Versions/A/CFNetwork
0x00000000393a0000 	/System/Library/Frameworks/SystemConfiguration.framework/Versions/A/SystemConfiguration
0x00000000393a0000 	/usr/lib/libCRFSuite.dylib
0x00000000393a0000 	/usr/lib/libc++.1.dylib
0x00000000393a0000 	/usr/lib/libc++abi.dylib
0x00000000393a0000 	/usr/lib/system/libcache.dylib
0x00000000393a0000 	/usr/lib/system/libcommonCrypto.dylib
0x00000000393a0000 	/usr/lib/system/libcompiler_rt.dylib
0x00000000393a0000 	/usr/lib/system/libcopyfile.dylib
0x00000000393a0000 	/usr/lib/system/libcorecrypto.dylib
0x00000000393a0000 	/usr/lib/system/libdispatch.dylib
0x00000000393a0000 	/usr/lib/system/libdyld.dylib
0x00000000393a0000 	/usr/lib/system/libkeymgr.dylib
0x00000000393a0000 	/usr/lib/system/liblaunch.dylib
0x00000000393a0000 	/usr/lib/system/libmacho.dylib
0x00000000393a0000 	/usr/lib/system/libquarantine.dylib
0x00000000393a0000 	/usr/lib/system/libremovefile.dylib
0x00000000393a0000 	/usr/lib/system/libsystem_asl.dylib
0x00000000393a0000 	/usr/lib/system/libsystem_blocks.dylib
0x00000000393a0000 	/usr/lib/system/libsystem_c.dylib
0x00000000393a0000 	/usr/lib/system/libsystem_configuration.dylib
0x00000000393a0000 	/usr/lib/system/libsystem_coreservices.dylib
0x00000000393a0000 	/usr/lib/system/libsystem_coretls.dylib
0x00000000393a0000 	/usr/lib/system/libsystem_dnssd.dylib
0x00000000393a0000 	/usr/lib/system/libsystem_info.dylib
0x00000000393a0000 	/usr/lib/system/libsystem_kernel.dylib
0x00000000393a0000 	/usr/lib/system/libsystem_m.dylib
0x00000000393a0000 	/usr/lib/system/libsystem_malloc.dylib
0x00000000393a0000 	/usr/lib/system/libsystem_network.dylib
0x00000000393a0000 	/usr/lib/system/libsystem_networkextension.dylib
0x00000000393a0000 	/usr/lib/system/libsystem_notify.dylib
0x00000000393a0000 	/usr/lib/system/libsystem_platform.dylib
0x00000000393a0000 	/usr/lib/system/libsystem_pthread.dylib
0x00000000393a0000 	/usr/lib/system/libsystem_sandbox.dylib
0x00000000393a0000 	/usr/lib/system/libsystem_secinit.dylib
0x00000000393a0000 	/usr/lib/system/libsystem_symptoms.dylib
0x00000000393a0000 	/usr/lib/system/libsystem_trace.dylib
0x00000000393a0000 	/usr/lib/system/libunwind.dylib
0x00000000393a0000 	/usr/lib/system/libxpc.dylib
0x00000000393a0000 	/usr/lib/libbsm.0.dylib
0x00000000393a0000 	/usr/lib/system/libkxld.dylib
0x00000000393a0000 	/usr/lib/libcoretls.dylib
0x00000000393a0000 	/usr/lib/libcoretls_cfhelpers.dylib
0x00000000393a0000 	/usr/lib/libOpenScriptingUtil.dylib
0x00000000393a0000 	/usr/lib/libpam.2.dylib
0x00000000393a0000 	/usr/lib/libsqlite3.dylib
0x00000000393a0000 	/usr/lib/libxar.1.dylib
0x00000000393a0000 	/usr/lib/libbz2.1.0.dylib
0x00000000393a0000 	/usr/lib/liblzma.5.dylib
0x00000000393a0000 	/usr/lib/libnetwork.dylib
0x00000000393a0000 	/usr/lib/libpcap.A.dylib
0x00000000393a0000 	/System/Library/Frameworks/CoreServices.framework/Versions/A/Frameworks/FSEvents.framework/Versions/A/FSEvents
0x00000000393a0000 	/System/Library/Frameworks/CoreServices.framework/Versions/A/Frameworks/CarbonCore.framework/Versions/A/CarbonCore
0x00000000393a0000 	/System/Library/Frameworks/CoreServices.framework/Versions/A/Frameworks/Metadata.framework/Versions/A/Metadata
0x00000000393a0000 	/System/Library/Frameworks/CoreServices.framework/Versions/A/Frameworks/OSServices.framework/Versions/A/OSServices
0x00000000393a0000 	/System/Library/Frameworks/CoreServices.framework/Versions/A/Frameworks/SearchKit.framework/Versions/A/SearchKit
0x00000000393a0000 	/System/Library/Frameworks/CoreServices.framework/Versions/A/Frameworks/AE.framework/Versions/A/AE
0x00000000393a0000 	/System/Library/Frameworks/CoreServices.framework/Versions/A/Frameworks/LaunchServices.framework/Versions/A/LaunchServices
0x00000000393a0000 	/System/Library/Frameworks/CoreServices.framework/Versions/A/Frameworks/DictionaryServices.framework/Versions/A/DictionaryServices
0x00000000393a0000 	/System/Library/Frameworks/CoreServices.framework/Versions/A/Frameworks/SharedFileList.framework/Versions/A/SharedFileList
0x00000000393a0000 	/System/Library/Frameworks/NetFS.framework/Versions/A/NetFS
0x00000000393a0000 	/System/Library/PrivateFrameworks/NetAuth.framework/Versions/A/NetAuth
0x00000000393a0000 	/System/Library/PrivateFrameworks/login.framework/Versions/A/Frameworks/loginsupport.framework/Versions/A/loginsupport
0x00000000393a0000 	/System/Library/PrivateFrameworks/TCC.framework/Versions/A/TCC
0x00000000393a0000 	/usr/lib/libmecabra.dylib
0x00000000393a0000 	/System/Library/Frameworks/ApplicationServices.framework/Versions/A/Frameworks/ATS.framework/Versions/A/ATS
0x00000000393a0000 	/System/Library/Frameworks/ApplicationServices.framework/Versions/A/Frameworks/ColorSync.framework/Versions/A/ColorSync
0x00000000393a0000 	/System/Library/Frameworks/ApplicationServices.framework/Versions/A/Frameworks/HIServices.framework/Versions/A/HIServices
0x00000000393a0000 	/System/Library/Frameworks/ApplicationServices.framework/Versions/A/Frameworks/LangAnalysis.framework/Versions/A/LangAnalysis
0x00000000393a0000 	/System/Library/Frameworks/ApplicationServices.framework/Versions/A/Frameworks/PrintCore.framework/Versions/A/PrintCore
0x00000000393a0000 	/System/Library/Frameworks/ApplicationServices.framework/Versions/A/Frameworks/QD.framework/Versions/A/QD
0x00000000393a0000 	/System/Library/Frameworks/ApplicationServices.framework/Versions/A/Frameworks/SpeechSynthesis.framework/Versions/A/SpeechSynthesis
0x00000000393a0000 	/System/Library/Frameworks/Accelerate.framework/Versions/A/Frameworks/vImage.framework/Versions/A/vImage
0x00000000393a0000 	/System/Library/Frameworks/Accelerate.framework/Versions/A/Frameworks/vecLib.framework/Versions/A/vecLib
0x00000000393a0000 	/System/Library/Frameworks/Accelerate.framework/Versions/A/Frameworks/vecLib.framework/Versions/A/libvDSP.dylib
0x00000000393a0000 	/System/Library/Frameworks/Accelerate.framework/Versions/A/Frameworks/vecLib.framework/Versions/A/libBNNS.dylib
0x00000000393a0000 	/System/Library/Frameworks/Accelerate.framework/Versions/A/Frameworks/vecLib.framework/Versions/A/libQuadrature.dylib
0x00000000393a0000 	/System/Library/Frameworks/Accelerate.framework/Versions/A/Frameworks/vecLib.framework/Versions/A/libvMisc.dylib
0x00000000393a0000 	/System/Library/Frameworks/Accelerate.framework/Versions/A/Frameworks/vecLib.framework/Versions/A/libLAPACK.dylib
0x00000000393a0000 	/System/Library/Frameworks/Accelerate.framework/Versions/A/Frameworks/vecLib.framework/Versions/A/libBLAS.dylib
0x00000000393a0000 	/System/Library/Frameworks/Accelerate.framework/Versions/A/Frameworks/vecLib.framework/Versions/A/libLinearAlgebra.dylib
0x00000000393a0000 	/System/Library/Frameworks/Accelerate.framework/Versions/A/Frameworks/vecLib.framework/Versions/A/libSparseBLAS.dylib
0x00000000393a0000 	/System/Library/Frameworks/ApplicationServices.framework/Versions/A/Frameworks/ATS.framework/Versions/A/Resources/libFontParser.dylib
0x00000000393a0000 	/System/Library/Frameworks/ApplicationServices.framework/Versions/A/Frameworks/ATS.framework/Versions/A/Resources/libFontRegistry.dylib
0x00000000393a0000 	/System/Library/Frameworks/ImageIO.framework/Versions/A/Resources/libJPEG.dylib
0x00000000393a0000 	/System/Library/Frameworks/ImageIO.framework/Versions/A/Resources/libTIFF.dylib
0x00000000393a0000 	/System/Library/Frameworks/ImageIO.framework/Versions/A/Resources/libPng.dylib
0x00000000393a0000 	/System/Library/Frameworks/ImageIO.framework/Versions/A/Resources/libGIF.dylib
0x00000000393a0000 	/System/Library/Frameworks/ImageIO.framework/Versions/A/Resources/libJP2.dylib
0x00000000393a0000 	/System/Library/Frameworks/ImageIO.framework/Versions/A/Resources/libRadiance.dylib
0x00000000393a0000 	/usr/lib/libcompression.dylib
0x00000000393a0000 	/System/Library/PrivateFrameworks/AppleJPEG.framework/Versions/A/AppleJPEG
0x00000000393a0000 	/usr/lib/libcups.2.dylib
0x00000000393a0000 	/System/Library/Frameworks/Kerberos.framework/Versions/A/Kerberos
0x00000000393a0000 	/System/Library/Frameworks/GSS.framework/Versions/A/GSS
0x00000000393a0000 	/usr/lib/libresolv.9.dylib
0x00000000393a0000 	/usr/lib/libiconv.2.dylib
0x00000000393a0000 	/System/Library/PrivateFrameworks/Heimdal.framework/Versions/A/Heimdal
0x00000000393a0000 	/usr/lib/libheimdal-asn1.dylib
0x00000000393a0000 	/System/Library/Frameworks/OpenDirectory.framework/Versions/A/OpenDirectory
0x00000000393a0000 	/System/Library/PrivateFrameworks/CommonAuth.framework/Versions/A/CommonAuth
0x00000000393a0000 	/System/Library/Frameworks/OpenDirectory.framework/Versions/A/Frameworks/CFOpenDirectory.framework/Versions/A/CFOpenDirectory
0x00000000393a0000 	/System/Library/Frameworks/SecurityFoundation.framework/Versions/A/SecurityFoundation
0x00000000393a0000 	/System/Library/PrivateFrameworks/LanguageModeling.framework/Versions/A/LanguageModeling
0x00000000393a0000 	/usr/lib/libmarisa.dylib
0x00000000393a0000 	/usr/lib/libChineseTokenizer.dylib
0x00000000393a0000 	/usr/lib/libcmph.dylib
0x00000000393a0000 	/System/Library/PrivateFrameworks/CoreEmoji.framework/Versions/A/CoreEmoji
0x00000000393a0000 	/System/Library/Frameworks/ServiceManagement.framework/Versions/A/ServiceManagement
0x00000000393a0000 	/usr/lib/libxslt.1.dylib
0x00000000393a0000 	/System/Library/Frameworks/Carbon.framework/Versions/A/Frameworks/Ink.framework/Versions/A/Ink
0x00000000393a0000 	/System/Library/PrivateFrameworks/TextureIO.framework/Versions/A/TextureIO
0x00000000393a0000 	/System/Library/Frameworks/Metal.framework/Versions/A/Metal
0x00000000393a0000 	/usr/lib/libate.dylib
0x00000000393a0000 	/System/Library/PrivateFrameworks/GPUCompiler.framework/libmetal_timestamp.dylib
0x00000000393a0000 	/System/Library/Frameworks/OpenGL.framework/Versions/A/Libraries/libCoreFSCache.dylib
0x00000000393a0000 	/System/Library/PrivateFrameworks/IOAccelerator.framework/Versions/A/IOAccelerator
0x00000000393a0000 	/System/Library/Frameworks/CoreVideo.framework/Versions/A/CoreVideo
0x00000000393a0000 	/usr/lib/libFosl_dynamic.dylib
0x00000000393a0000 	/System/Library/PrivateFrameworks/MetalPerformanceShaders.framework/Versions/A/MetalPerformanceShaders
0x00000000393a0000 	/System/Library/PrivateFrameworks/FaceCore.framework/Versions/A/FaceCore
0x00000000393a0000 	/System/Library/Frameworks/OpenCL.framework/Versions/A/OpenCL
0x00000000393a0000 	/System/Library/Frameworks/OpenGL.framework/Versions/A/Libraries/libGLU.dylib
0x00000000393a0000 	/System/Library/Frameworks/OpenGL.framework/Versions/A/Libraries/libGFXShared.dylib
0x00000000393a0000 	/System/Library/Frameworks/OpenGL.framework/Versions/A/Libraries/libGL.dylib
0x00000000393a0000 	/System/Library/Frameworks/OpenGL.framework/Versions/A/Libraries/libGLImage.dylib
0x00000000393a0000 	/System/Library/Frameworks/OpenGL.framework/Versions/A/Libraries/libCVMSPluginSupport.dylib
0x00000000393a0000 	/System/Library/Frameworks/OpenGL.framework/Versions/A/Libraries/libCoreVMClient.dylib
0x00000000393a0000 	/System/Library/PrivateFrameworks/CrashReporterSupport.framework/Versions/A/CrashReporterSupport
0x00000000393a0000 	/System/Library/PrivateFrameworks/Sharing.framework/Versions/A/Sharing
0x00000000393a0000 	/System/Library/PrivateFrameworks/IconServices.framework/Versions/A/IconServices
0x00000000393a0000 	/System/Library/PrivateFrameworks/ProtocolBuffer.framework/Versions/A/ProtocolBuffer
0x00000000393a0000 	/System/Library/PrivateFrameworks/Apple80211.framework/Versions/A/Apple80211
0x00000000393a0000 	/System/Library/Frameworks/CoreWLAN.framework/Versions/A/CoreWLAN
0x00000000393a0000 	/System/Library/PrivateFrameworks/CoreUtils.framework/Versions/A/CoreUtils
0x00000000393a0000 	/System/Library/Frameworks/IOBluetooth.framework/Versions/A/IOBluetooth
0x00000000393a0000 	/System/Library/PrivateFrameworks/CoreWiFi.framework/Versions/A/CoreWiFi
0x00000000393a0000 	/System/Library/Frameworks/CoreBluetooth.framework/Versions/A/CoreBluetooth
0x00000000393a0000 	/System/Library/Frameworks/CoreDisplay.framework/Versions/A/CoreDisplay
0x00000000393a0000 	/System/Library/PrivateFrameworks/IOPresentment.framework/Versions/A/IOPresentment
0x00000000393a0000 	/System/Library/PrivateFrameworks/DSExternalDisplay.framework/Versions/A/DSExternalDisplay
0x00000000393a0000 	/System/Library/PrivateFrameworks/DebugSymbols.framework/Versions/A/DebugSymbols
0x00000000393a0000 	/System/Library/PrivateFrameworks/CoreSymbolication.framework/Versions/A/CoreSymbolication
0x00000000393a0000 	/System/Library/PrivateFrameworks/Symbolication.framework/Versions/A/Symbolication
0x00000000393a0000 	/System/Library/PrivateFrameworks/AppleFSCompression.framework/Versions/A/AppleFSCompression
0x00000000393a0000 	/System/Library/PrivateFrameworks/SpeechRecognitionCore.framework/Versions/A/SpeechRecognitionCore
0x00000000393a0000 	/System/Library/PrivateFrameworks/ChunkingLibrary.framework/Versions/A/ChunkingLibrary
0x000000010e527000 	/Library/Java/JavaVirtualMachines/jdk1.8.0_121.jdk/Contents/Home/jre/lib/server/libjvm.dylib
0x000000010f4c9000 	/usr/lib/libstdc++.6.dylib
0x000000010f582000 	/Library/Java/JavaVirtualMachines/jdk1.8.0_121.jdk/Contents/Home/jre/lib/libverify.dylib
0x000000010f590000 	/Library/Java/JavaVirtualMachines/jdk1.8.0_121.jdk/Contents/Home/jre/lib/libjava.dylib
0x000000010f5cf000 	/Library/Java/JavaVirtualMachines/jdk1.8.0_121.jdk/Contents/Home/jre/lib/libzip.dylib
0x000000011673c000 	/System/Library/Frameworks/JavaVM.framework/Frameworks/JavaRuntimeSupport.framework/JavaRuntimeSupport
0x0000000116756000 	/System/Library/Frameworks/JavaVM.framework/Versions/A/Frameworks/JavaNativeFoundation.framework/Versions/A/JavaNativeFoundation
0x000000011676b000 	/System/Library/Frameworks/JavaVM.framework/Versions/A/JavaVM
0x00000000393a0000 	/System/Library/Frameworks/Carbon.framework/Versions/A/Carbon
0x0000000116778000 	/System/Library/PrivateFrameworks/JavaLaunching.framework/Versions/A/JavaLaunching
0x00000000393a0000 	/System/Library/Frameworks/Carbon.framework/Versions/A/Frameworks/CommonPanels.framework/Versions/A/CommonPanels
0x00000000393a0000 	/System/Library/Frameworks/Carbon.framework/Versions/A/Frameworks/Help.framework/Versions/A/Help
0x00000000393a0000 	/System/Library/Frameworks/Carbon.framework/Versions/A/Frameworks/ImageCapture.framework/Versions/A/ImageCapture
0x00000000393a0000 	/System/Library/Frameworks/Carbon.framework/Versions/A/Frameworks/OpenScripting.framework/Versions/A/OpenScripting
0x00000000393a0000 	/System/Library/Frameworks/Carbon.framework/Versions/A/Frameworks/Print.framework/Versions/A/Print
0x00000000393a0000 	/System/Library/Frameworks/Carbon.framework/Versions/A/Frameworks/SecurityHI.framework/Versions/A/SecurityHI
0x00000001181a4000 	/Applications/IntelliJ IDEA CE.app/Contents/bin/libbreakgen64.jnilib
0x00000001181a7000 	/Library/Java/JavaVirtualMachines/jdk1.8.0_121.jdk/Contents/Home/jre/lib/libnet.dylib
0x000000011829c000 	/Library/Java/JavaVirtualMachines/jdk1.8.0_121.jdk/Contents/Home/jre/lib/libprism_es2.dylib
0x0000000118302000 	/System/Library/Frameworks/OpenGL.framework/Resources/GLEngine.bundle/GLEngine
0x00000000393a0000 	/System/Library/Frameworks/OpenGL.framework/Versions/A/Libraries/libGLProgrammability.dylib
0x00000001184e7000 	/System/Library/Extensions/AppleIntelBDWGraphicsGLDriver.bundle/Contents/MacOS/AppleIntelBDWGraphicsGLDriver
0x00000000393a0000 	/System/Library/PrivateFrameworks/GPUSupport.framework/Versions/A/Libraries/libGPUSupportMercury.dylib
0x0000000118c54000 	/System/Library/Frameworks/OpenGL.framework/Resources//GLRendererFloat.bundle/GLRendererFloat
0x00000000393a0000 	/System/Library/Frameworks/OpenCL.framework/Versions/A/Libraries/libcldcpuengine.dylib
0x00000000393a0000 	/usr/lib/libcrypto.0.9.8.dylib
0x00000000393a0000 	/System/Library/PrivateFrameworks/TrustEvaluationAgent.framework/Versions/A/TrustEvaluationAgent
0x0000000119077000 	/Library/Java/JavaVirtualMachines/jdk1.8.0_121.jdk/Contents/Home/jre/lib/libglass.dylib
0x00000000393a0000 	/System/Library/PrivateFrameworks/CoreServicesInternal.framework/Versions/A/CoreServicesInternal
0x00000000393a0000 	/System/Library/CoreServices/RawCamera.bundle/Contents/MacOS/RawCamera
0x00000001194fa000 	/System/Library/Frameworks/Accelerate.framework/Frameworks/vImage.framework/Versions/A/Libraries/libCGInterfaces.dylib
0x00000000393a0000 	/System/Library/PrivateFrameworks/FamilyControls.framework/Versions/A/FamilyControls
0x00000000393a0000 	/System/Library/PrivateFrameworks/CommerceKit.framework/Versions/A/Frameworks/CommerceCore.framework/Versions/A/CommerceCore
0x00000000393a0000 	/System/Library/PrivateFrameworks/SystemAdministration.framework/Versions/A/SystemAdministration
0x00000000393a0000 	/System/Library/PrivateFrameworks/AppContainer.framework/Versions/A/AppContainer
0x00000000393a0000 	/System/Library/PrivateFrameworks/SecCodeWrapper.framework/Versions/A/SecCodeWrapper
0x00000000393a0000 	/System/Library/Frameworks/DirectoryService.framework/Versions/A/DirectoryService
0x00000000393a0000 	/System/Library/PrivateFrameworks/DiskImages.framework/Versions/A/DiskImages
0x00000000393a0000 	/System/Library/PrivateFrameworks/LoginUIKit.framework/Versions/A/Frameworks/LoginUICore.framework/Versions/A/LoginUICore
0x00000000393a0000 	/usr/lib/libCoreStorage.dylib
0x00000000393a0000 	/usr/lib/libcsfde.dylib
0x00000000393a0000 	/usr/lib/libodfde.dylib
0x00000000393a0000 	/System/Library/Frameworks/DiscRecording.framework/Versions/A/DiscRecording
0x00000000393a0000 	/usr/lib/libcurl.4.dylib
0x00000000393a0000 	/System/Library/PrivateFrameworks/MediaKit.framework/Versions/A/MediaKit
0x00000000393a0000 	/System/Library/PrivateFrameworks/ProtectedCloudStorage.framework/Versions/A/ProtectedCloudStorage
0x00000000393a0000 	/System/Library/PrivateFrameworks/EFILogin.framework/Versions/A/EFILogin
0x00000000393a0000 	/usr/lib/libutil.dylib
0x00000000393a0000 	/System/Library/Frameworks/LDAP.framework/Versions/A/LDAP
0x00000000393a0000 	/usr/lib/libsasl2.2.dylib
0x00000000393a0000 	/System/Library/PrivateFrameworks/CoreDaemon.framework/Versions/B/CoreDaemon
0x00000000393a0000 	/System/Library/PrivateFrameworks/AppleSRP.framework/Versions/A/AppleSRP
0x00000000393a0000 	/System/Library/PrivateFrameworks/APFS.framework/Versions/A/APFS
0x00000000393a0000 	/System/Library/Frameworks/ApplicationServices.framework/Versions/A/Frameworks/ATS.framework/Versions/A/Resources/libTrueTypeScaler.dylib
0x000000012d46c000 	/Library/Java/JavaVirtualMachines/jdk1.8.0_121.jdk/Contents/Home/jre/lib/libjavafx_font.dylib
0x000000012e35d000 	/System/Library/Extensions/AppleIntelBDWGraphicsMTLDriver.bundle/Contents/MacOS/AppleIntelBDWGraphicsMTLDriver
0x00000000393a0000 	/System/Library/PrivateFrameworks/ViewBridge.framework/Versions/A/ViewBridge
0x00000000393a0000 	/System/Library/PrivateFrameworks/XPCService.framework/Versions/A/XPCService
0x00000000393a0000 	/System/Library/PrivateFrameworks/AppSandbox.framework/Versions/A/AppSandbox
0x00000000393a0000 	/usr/lib/libsandbox.1.dylib
0x00000000393a0000 	/usr/lib/libMatch.1.dylib
0x000000012c896000 	/Library/Java/JavaVirtualMachines/jdk1.8.0_121.jdk/Contents/Home/jre/lib/libprism_common.dylib

VM Arguments:
jvm_args: -Didea.launcher.port=7533 -Didea.launcher.bin.path=/Applications/IntelliJ IDEA CE.app/Contents/bin -Dfile.encoding=UTF-8 
java_command: com.intellij.rt.execution.application.AppMain Main
java_class_path (initial): /Library/Java/JavaVirtualMachines/jdk1.8.0_121.jdk/Contents/Home/jre/lib/charsets.jar:/Library/Java/JavaVirtualMachines/jdk1.8.0_121.jdk/Contents/Home/jre/lib/deploy.jar:/Library/Java/JavaVirtualMachines/jdk1.8.0_121.jdk/Contents/Home/jre/lib/ext/cldrdata.jar:/Library/Java/JavaVirtualMachines/jdk1.8.0_121.jdk/Contents/Home/jre/lib/ext/dnsns.jar:/Library/Java/JavaVirtualMachines/jdk1.8.0_121.jdk/Contents/Home/jre/lib/ext/jaccess.jar:/Library/Java/JavaVirtualMachines/jdk1.8.0_121.jdk/Contents/Home/jre/lib/ext/jfxrt.jar:/Library/Java/JavaVirtualMachines/jdk1.8.0_121.jdk/Contents/Home/jre/lib/ext/localedata.jar:/Library/Java/JavaVirtualMachines/jdk1.8.0_121.jdk/Contents/Home/jre/lib/ext/nashorn.jar:/Library/Java/JavaVirtualMachines/jdk1.8.0_121.jdk/Contents/Home/jre/lib/ext/sunec.jar:/Library/Java/JavaVirtualMachines/jdk1.8.0_121.jdk/Contents/Home/jre/lib/ext/sunjce_provider.jar:/Library/Java/JavaVirtualMachines/jdk1.8.0_121.jdk/Contents/Home/jre/lib/ext/sunpkcs11.jar:/Library/Java/JavaVirtualMachines/jdk1.8.0_121.jdk/Contents/Home/jre/lib/ext/zipfs.jar:/Library/Java/JavaVirtualMachines/jdk1.8.0_121.jdk/Contents/Home/jre/lib/javaws.jar:/Library/Java/JavaVirtualMachines/jdk1.8.0_121.jdk/Contents/Home/jre/lib/jce.jar:/Library/Java/JavaVirtualMachines/jdk1.8.0_121.jdk/Contents/Home/jre/lib/jfr.jar:/Library/Java/JavaVirtualMachines/jdk1.8.0_121.jdk/Contents/Home/jre/lib/jfxswt.jar:/Library/Java/JavaVirtualMachines/jdk1.8.0_121.jdk/Contents/Home/jre/lib/jsse.jar:/Library/Java/JavaVirtualMachines/jdk1.8.0_121.jdk/Contents/Home/jre/lib/management-agent.jar:/Library/Java/JavaVirtualMachines/jdk1.8.0_121.jdk/Contents/Home/jre/lib/plugin.jar:/Library/Java/JavaVirtualMachines/jdk1.8.0_121.jdk/Contents/Home/jre/lib/resources.jar:/Library/Java/JavaVirtualMachines/jdk1.8.0_121.jdk/Contents/Home/jre/lib/rt.jar:/Library/Java/JavaVirtualMachines/jdk1.8.0_121.jdk/Contents/Home/lib/ant-javafx.jar:/Library/Java/JavaVirtualMachines/jdk1.8.0_121.jdk/Contents/Home
Launcher Type: SUN_STANDARD

Environment Variables:
PATH=/Users/Oscar/pebble-dev/pebble-sdk-4.4-mac/bin:/Users/Oscar/pebble-dev/pebble-sdk-4.4-mac/bin:/Users/Oscar/pebble-dev/pebble-sdk-4.4-mac/bin:/usr/local/bin:/usr/bin:/bin:/usr/sbin:/sbin:/Applications/NetBeans/ANT_HOME/apache-ant-1.9.7 2/bin:/opt/X11/bin:/Library/Frameworks/Mono.framework/Versions/Current/Commands
SHELL=/bin/bash
DISPLAY=/private/tmp/com.apple.launchd.VeHou5lou6/org.macosforge.xquartz:0

Signal Handlers:
SIGSEGV: [libjvm.dylib+0x5b1141], sa_mask[0]=11111111011111110111111111111111, sa_flags=SA_ONSTACK|SA_RESTART|SA_SIGINFO
SIGBUS: [libjvm.dylib+0x5b1141], sa_mask[0]=11111111011111110111111111111111, sa_flags=SA_RESTART|SA_SIGINFO
SIGFPE: [libjvm.dylib+0x487bc4], sa_mask[0]=11111111011111110111111111111111, sa_flags=SA_RESTART|SA_SIGINFO
SIGPIPE: [libjvm.dylib+0x487bc4], sa_mask[0]=11111111011111110111111111111111, sa_flags=SA_RESTART|SA_SIGINFO
SIGXFSZ: [libjvm.dylib+0x487bc4], sa_mask[0]=11111111011111110111111111111111, sa_flags=SA_RESTART|SA_SIGINFO
SIGILL: [libjvm.dylib+0x487bc4], sa_mask[0]=11111111011111110111111111111111, sa_flags=SA_RESTART|SA_SIGINFO
SIGUSR1: SIG_DFL, sa_mask[0]=00000000000000000000000000000000, sa_flags=none
SIGUSR2: [libjvm.dylib+0x4876e2], sa_mask[0]=00100000000000000000000000000000, sa_flags=SA_RESTART|SA_SIGINFO
SIGHUP: [libjvm.dylib+0x485cb9], sa_mask[0]=11111111011111110111111111111111, sa_flags=SA_RESTART|SA_SIGINFO
SIGINT: [libjvm.dylib+0x485cb9], sa_mask[0]=11111111011111110111111111111111, sa_flags=SA_RESTART|SA_SIGINFO
SIGTERM: [libjvm.dylib+0x485cb9], sa_mask[0]=11111111011111110111111111111111, sa_flags=SA_RESTART|SA_SIGINFO
SIGQUIT: [libjvm.dylib+0x485cb9], sa_mask[0]=11111111011111110111111111111111, sa_flags=SA_RESTART|SA_SIGINFO


---------------  S Y S T E M  ---------------

OS:Bsduname:Darwin 16.5.0 Darwin Kernel Version 16.5.0: Mon Jan 16 17:15:31 PST 2017; root:xnu-3789.50.189~27/RELEASE_X86_64 x86_64
rlimit: STACK 8192k, CORE 0k, NPROC 709, NOFILE 10240, AS infinity
load average:5.33 4.05 2.99

CPU:total 4 (2 cores per cpu, 2 threads per core) family 6 model 61 stepping 4, cmov, cx8, fxsr, mmx, sse, sse2, sse3, ssse3, sse4.1, sse4.2, popcnt, avx, avx2, aes, clmul, erms, 3dnowpref, lzcnt, ht, tsc, tscinvbit, bmi1, bmi2, adx

Memory: 4k page, physical 8388608k(2798132k free)

/proc/meminfo:


vm_info: Java HotSpot(TM) 64-Bit Server VM (25.121-b13) for bsd-amd64 JRE (1.8.0_121-b13), built on Dec 12 2016 20:39:32 by "java_re" with gcc 4.2.1 (Based on Apple Inc. build 5658) (LLVM build 2336.11.00)

time: Sun Jan 29 20:21:35 2017
elapsed time: 10 seconds (0d 0h 0m 10s)

